[32m2026-05-29 22:47:01 +0200[0m - dagster - [34mDEBUG[0m - full_etl - 21970135-7433-4a16-b2d8-fde410d8f2c4 - 55787 - LOGS_CAPTURED - Capturing logs for process (pid: 55787).
[32m2026-05-29 22:47:01 +0200[0m - dagster - [34mDEBUG[0m - full_etl - 21970135-7433-4a16-b2d8-fde410d8f2c4 - 55787 - fact_transactions - STEP_START - Started execution of step "fact_transactions".
[32m2026-05-29 22:47:01 +0200[0m - dagster - [34mDEBUG[0m - full_etl - 21970135-7433-4a16-b2d8-fde410d8f2c4 - fact_transactions - Loading file from: /Users/ariel/CE-IA/BigDataAplicado/Proyecto/proy-tienda/etl/.dagster_home/storage/campaigns using PickledObjectFilesystemIOManager...
[32m2026-05-29 22:47:01 +0200[0m - dagster - [34mDEBUG[0m - full_etl - 21970135-7433-4a16-b2d8-fde410d8f2c4 - 55787 - fact_transactions - LOADED_INPUT - Loaded input "campaigns" using input manager "io_manager", from output "result" of step "campaigns"
[32m2026-05-29 22:47:01 +0200[0m - dagster - [34mDEBUG[0m - full_etl - 21970135-7433-4a16-b2d8-fde410d8f2c4 - fact_transactions - Loading file from: /Users/ariel/CE-IA/BigDataAplicado/Proyecto/proy-tienda/etl/.dagster_home/storage/customers using PickledObjectFilesystemIOManager...
[32m2026-05-29 22:47:01 +0200[0m - dagster - [34mDEBUG[0m - full_etl - 21970135-7433-4a16-b2d8-fde410d8f2c4 - 55787 - fact_transactions - LOADED_INPUT - Loaded input "customers" using input manager "io_manager", from output "result" of step "customers"
[32m2026-05-29 22:47:01 +0200[0m - dagster - [34mDEBUG[0m - full_etl - 21970135-7433-4a16-b2d8-fde410d8f2c4 - fact_transactions - Loading file from: /Users/ariel/CE-IA/BigDataAplicado/Proyecto/proy-tienda/etl/.dagster_home/storage/dim_campaigns using PickledObjectFilesystemIOManager...
[32m2026-05-29 22:47:01 +0200[0m - dagster - [34mDEBUG[0m - full_etl - 21970135-7433-4a16-b2d8-fde410d8f2c4 - 55787 - fact_transactions - LOADED_INPUT - Loaded input "dim_campaigns" using input manager "io_manager", from output "result" of step "dim_campaigns"
[32m2026-05-29 22:47:01 +0200[0m - dagster - [34mDEBUG[0m - full_etl - 21970135-7433-4a16-b2d8-fde410d8f2c4 - fact_transactions - Loading file from: /Users/ariel/CE-IA/BigDataAplicado/Proyecto/proy-tienda/etl/.dagster_home/storage/dim_customers using PickledObjectFilesystemIOManager...
[32m2026-05-29 22:47:01 +0200[0m - dagster - [34mDEBUG[0m - full_etl - 21970135-7433-4a16-b2d8-fde410d8f2c4 - 55787 - fact_transactions - LOADED_INPUT - Loaded input "dim_customers" using input manager "io_manager", from output "result" of step "dim_customers"
[32m2026-05-29 22:47:01 +0200[0m - dagster - [34mDEBUG[0m - full_etl - 21970135-7433-4a16-b2d8-fde410d8f2c4 - fact_transactions - Loading file from: /Users/ariel/CE-IA/BigDataAplicado/Proyecto/proy-tienda/etl/.dagster_home/storage/dim_dates using PickledObjectFilesystemIOManager...
[32m2026-05-29 22:47:01 +0200[0m - dagster - [34mDEBUG[0m - full_etl - 21970135-7433-4a16-b2d8-fde410d8f2c4 - 55787 - fact_transactions - LOADED_INPUT - Loaded input "dim_dates" using input manager "io_manager", from output "result" of step "dim_dates"
[32m2026-05-29 22:47:01 +0200[0m - dagster - [34mDEBUG[0m - full_etl - 21970135-7433-4a16-b2d8-fde410d8f2c4 - fact_transactions - Loading file from: /Users/ariel/CE-IA/BigDataAplicado/Proyecto/proy-tienda/etl/.dagster_home/storage/dim_products using PickledObjectFilesystemIOManager...
[32m2026-05-29 22:47:01 +0200[0m - dagster - [34mDEBUG[0m - full_etl - 21970135-7433-4a16-b2d8-fde410d8f2c4 - 55787 - fact_transactions - LOADED_INPUT - Loaded input "dim_products" using input manager "io_manager", from output "result" of step "dim_products"
[32m2026-05-29 22:47:01 +0200[0m - dagster - [34mDEBUG[0m - full_etl - 21970135-7433-4a16-b2d8-fde410d8f2c4 - fact_transactions - Loading file from: /Users/ariel/CE-IA/BigDataAplicado/Proyecto/proy-tienda/etl/.dagster_home/storage/dim_time using PickledObjectFilesystemIOManager...
[32m2026-05-29 22:47:01 +0200[0m - dagster - [34mDEBUG[0m - full_etl - 21970135-7433-4a16-b2d8-fde410d8f2c4 - 55787 - fact_transactions - LOADED_INPUT - Loaded input "dim_time" using input manager "io_manager", from output "result" of step "dim_time"
[32m2026-05-29 22:47:01 +0200[0m - dagster - [34mDEBUG[0m - full_etl - 21970135-7433-4a16-b2d8-fde410d8f2c4 - fact_transactions - Loading file from: /Users/ariel/CE-IA/BigDataAplicado/Proyecto/proy-tienda/etl/.dagster_home/storage/products using PickledObjectFilesystemIOManager...
[32m2026-05-29 22:47:01 +0200[0m - dagster - [34mDEBUG[0m - full_etl - 21970135-7433-4a16-b2d8-fde410d8f2c4 - 55787 - fact_transactions - LOADED_INPUT - Loaded input "products" using input manager "io_manager", from output "result" of step "products"
[32m2026-05-29 22:47:01 +0200[0m - dagster - [34mDEBUG[0m - full_etl - 21970135-7433-4a16-b2d8-fde410d8f2c4 - fact_transactions - Loading file from: /Users/ariel/CE-IA/BigDataAplicado/Proyecto/proy-tienda/etl/.dagster_home/storage/transactions using PickledObjectFilesystemIOManager...
[32m2026-05-29 22:47:01 +0200[0m - dagster - [34mDEBUG[0m - full_etl - 21970135-7433-4a16-b2d8-fde410d8f2c4 - 55787 - fact_transactions - LOADED_INPUT - Loaded input "transactions" using input manager "io_manager", from output "result" of step "transactions"
[32m2026-05-29 22:47:01 +0200[0m - dagster - [34mDEBUG[0m - full_etl - 21970135-7433-4a16-b2d8-fde410d8f2c4 - 55787 - fact_transactions - STEP_INPUT - Got input "campaigns" of type "DataFrame". (Type check passed).
[32m2026-05-29 22:47:01 +0200[0m - dagster - [34mDEBUG[0m - full_etl - 21970135-7433-4a16-b2d8-fde410d8f2c4 - 55787 - fact_transactions - STEP_INPUT - Got input "customers" of type "DataFrame". (Type check passed).
[32m2026-05-29 22:47:01 +0200[0m - dagster - [34mDEBUG[0m - full_etl - 21970135-7433-4a16-b2d8-fde410d8f2c4 - 55787 - fact_transactions - STEP_INPUT - Got input "dim_campaigns" of type "DataFrame". (Type check passed).
[32m2026-05-29 22:47:01 +0200[0m - dagster - [34mDEBUG[0m - full_etl - 21970135-7433-4a16-b2d8-fde410d8f2c4 - 55787 - fact_transactions - STEP_INPUT - Got input "dim_customers" of type "DataFrame". (Type check passed).
[32m2026-05-29 22:47:01 +0200[0m - dagster - [34mDEBUG[0m - full_etl - 21970135-7433-4a16-b2d8-fde410d8f2c4 - 55787 - fact_transactions - STEP_INPUT - Got input "dim_dates" of type "DataFrame". (Type check passed).
[32m2026-05-29 22:47:01 +0200[0m - dagster - [34mDEBUG[0m - full_etl - 21970135-7433-4a16-b2d8-fde410d8f2c4 - 55787 - fact_transactions - STEP_INPUT - Got input "dim_products" of type "DataFrame". (Type check passed).
[32m2026-05-29 22:47:01 +0200[0m - dagster - [34mDEBUG[0m - full_etl - 21970135-7433-4a16-b2d8-fde410d8f2c4 - 55787 - fact_transactions - STEP_INPUT - Got input "dim_time" of type "DataFrame". (Type check passed).
[32m2026-05-29 22:47:01 +0200[0m - dagster - [34mDEBUG[0m - full_etl - 21970135-7433-4a16-b2d8-fde410d8f2c4 - 55787 - fact_transactions - STEP_INPUT - Got input "products" of type "DataFrame". (Type check passed).
[32m2026-05-29 22:47:01 +0200[0m - dagster - [34mDEBUG[0m - full_etl - 21970135-7433-4a16-b2d8-fde410d8f2c4 - 55787 - fact_transactions - STEP_INPUT - Got input "transactions" of type "DataFrame". (Type check passed).
[32m2026-05-29 22:47:01 +0200[0m - dagster - [34mDEBUG[0m - full_etl - 21970135-7433-4a16-b2d8-fde410d8f2c4 - 55787 - fact_transactions - STEP_OUTPUT - Yielded output "result" of type "DataFrame". (Type check passed).
[32m2026-05-29 22:47:01 +0200[0m - dagster - [34mDEBUG[0m - full_etl - 21970135-7433-4a16-b2d8-fde410d8f2c4 - fact_transactions - Writing file at: /Users/ariel/CE-IA/BigDataAplicado/Proyecto/proy-tienda/etl/.dagster_home/storage/fact_transactions using PickledObjectFilesystemIOManager...
[32m2026-05-29 22:47:01 +0200[0m - dagster - [34mDEBUG[0m - full_etl - 21970135-7433-4a16-b2d8-fde410d8f2c4 - 55787 - fact_transactions - ASSET_MATERIALIZATION - Materialized value fact_transactions.
[32m2026-05-29 22:47:01 +0200[0m - dagster - [34mDEBUG[0m - full_etl - 21970135-7433-4a16-b2d8-fde410d8f2c4 - 55787 - fact_transactions - HANDLED_OUTPUT - Handled output "result" using IO manager "io_manager"
[32m2026-05-29 22:47:01 +0200[0m - dagster - [34mDEBUG[0m - full_etl - 21970135-7433-4a16-b2d8-fde410d8f2c4 - 55787 - fact_transactions - STEP_SUCCESS - Finished execution of step "fact_transactions" in 287ms.
